Build started 10/23/2015 2:33:44 PM.
     1>Project "D:\gitrepos\cbmbasic\cbmbasic.vcxproj" on node 2 (Rebuild target(s)).
     1>ClCompile:
         D:\VisualStudio2015\VC\bin\CL.exe /c /ZI /nologo /W3 /WX- /Od /Oy- /D WIN32 /D _DEBUG /D _CONSOLE /D _CRT_SECURE_NO_DEPRECATE /D _CRT_NONSTDC_NO_DEPRECATE /D _MBCS /Gm /EHsc /RTC1 /MDd /GS /fp:precise /Zc:wchar_t /Zc:forScope /Zc:inline /Fo"Debug\obj-cbmbasic\\" /Fd"Debug\obj-cbmbasic\vc140.pdb" /Gd /TC /analyze- /errorReport:prompt cbmbasic.c console.c plugin.c readdir.c runtime.c
         runtime.c
     1>d:\gitrepos\cbmbasic\runtime.c(582): warning C4267: '+=': conversion from 'size_t' to 'unsigned short', possible loss of data
     1>d:\gitrepos\cbmbasic\runtime.c(620): warning C4267: '+=': conversion from 'size_t' to 'unsigned short', possible loss of data
     1>d:\gitrepos\cbmbasic\runtime.c(671): warning C4267: '=': conversion from 'size_t' to 'unsigned short', possible loss of data
         readdir.c
         plugin.c
         console.c
         cbmbasic.c
     1>d:\gitrepos\cbmbasic\cbmbasic.c(6385): warning C4116: unnamed type definition in parentheses
     1>d:\gitrepos\cbmbasic\cbmbasic.c(6386): warning C4116: unnamed type definition in parentheses
     1>d:\gitrepos\cbmbasic\cbmbasic.c(6410): warning C4116: unnamed type definition in parentheses
         Generating Code...
       Link:
         D:\VisualStudio2015\VC\bin\link.exe /ERRORREPORT:PROMPT /OUT:"D:\gitrepos\cbmbasic\Debug\cbmbasic.exe" /INCREMENTAL /NOLOGO kernel32.lib user32.lib gdi32.lib winspool.lib comdlg32.lib advapi32.lib shell32.lib ole32.lib oleaut32.lib uuid.lib odbc32.lib odbccp32.lib /MANIFEST /MANIFESTUAC:"level='asInvoker' uiAccess='false'" /manifest:embed /Debug /PDB:"D:\gitrepos\cbmbasic\Debug\cbmbasic.pdb" /SUBSYSTEM:CONSOLE /TLBID:1 /DYNAMICBASE /NXCOMPAT /IMPLIB:"D:\gitrepos\cbmbasic\Debug\cbmbasic.lib" /MACHINE:X86 /SAFESEH "Debug\obj-cbmbasic\cbmbasic.obj"
         "Debug\obj-cbmbasic\console.obj"
         "Debug\obj-cbmbasic\plugin.obj"
         "Debug\obj-cbmbasic\readdir.obj"
         "Debug\obj-cbmbasic\runtime.obj"
     1>cbmbasic.obj : warning LNK4075: ignoring '/EDITANDCONTINUE' due to '/SAFESEH' specification
         cbmbasic.vcxproj -> D:\gitrepos\cbmbasic\Debug\cbmbasic.exe
     1>Done Building Project "D:\gitrepos\cbmbasic\cbmbasic.vcxproj" (Rebuild target(s)).

Build succeeded.

Time Elapsed 00:00:01.91
